<?xml version="1.0" encoding="UTF-8"?>
<!-- Generated by org.testng.reporters.JUnitReportReporter -->
<testsuite skipped="0" hostname="pc" name="tests.AddBusinessTest" tests="3" failures="0" timestamp="06 Aug 2018 09:55:33 GMT" time="24.118" errors="0">
  <testcase name="enterBusinessPage" time="2.342" classname="tests.AddBusinessTest"/>
  <testcase name="addNewBusiness" time="10.615" classname="tests.AddBusinessTest"/>
  <testcase name="addNewAccount" time="11.161" classname="tests.AddBusinessTest"/>
</testsuite> <!-- tests.AddBusinessTest -->
