<?xml version="1.0" encoding="UTF-8"?>
<!-- Generated by org.testng.reporters.JUnitReportReporter -->
<testsuite skipped="0" hostname="pc" name="tests.LoginPageTest" tests="11" failures="0" timestamp="06 Aug 2018 09:55:33 GMT" time="24.128" errors="0">
  <testcase name="invalidEmailInc" time="2.994" classname="tests.LoginPageTest"/>
  <testcase name="invalidEmailCor" time="1.971" classname="tests.LoginPageTest"/>
  <testcase name="invalidPassInc" time="2.070" classname="tests.LoginPageTest"/>
  <testcase name="invalidPassCor" time="2.346" classname="tests.LoginPageTest"/>
  <testcase name="incorrBoth" time="3.022" classname="tests.LoginPageTest"/>
  <testcase name="incorrPass" time="2.184" classname="tests.LoginPageTest"/>
  <testcase name="incorrEmail" time="1.946" classname="tests.LoginPageTest"/>
  <testcase name="blankBoth" time="1.374" classname="tests.LoginPageTest"/>
  <testcase name="blankEmail" time="1.239" classname="tests.LoginPageTest"/>
  <testcase name="blankPass" time="1.570" classname="tests.LoginPageTest"/>
  <testcase name="login" time="3.412" classname="tests.LoginPageTest"/>
</testsuite> <!-- tests.LoginPageTest -->
